<?xml version="1.0" encoding="UTF-8"?>
<!-- Generated by org.testng.reporters.JUnitReportReporter -->
<testsuite hostname="NASIB" failures="0" tests="4" name="com.qa.waifuAPI.testcases.DELETEUser" time="0.008" errors="0" timestamp="2023-02-01T12:16:10 EST" skipped="0">
  <testcase classname="com.qa.waifuAPI.testcases.DELETEUser" name="statusCode" time="0.005"/>
  <system-out/>
  <testcase classname="com.qa.waifuAPI.testcases.DELETEUser" name="checkResponseTime" time="0.000"/>
  <system-out/>
  <testcase classname="com.qa.waifuAPI.testcases.DELETEUser" name="statusLine" time="0.001"/>
  <system-out/>
  <testcase classname="com.qa.waifuAPI.testcases.DELETEUser" name="checkserverType" time="0.002"/>
  <system-out/>
</testsuite> <!-- com.qa.waifuAPI.testcases.DELETEUser -->
