<?xml version="1.0" encoding="UTF-8"?>
<!-- Generated by org.testng.reporters.JUnitReportReporter -->
<testsuite hostname="NASIB" failures="0" tests="6" name="com.qa.waifuAPI.testcases.GETExistUser" time="0.026" errors="0" timestamp="2023-02-01T12:16:10 EST" skipped="0">
  <testcase classname="com.qa.waifuAPI.testcases.GETExistUser" name="statusCode" time="0.010"/>
  <system-out/>
  <testcase classname="com.qa.waifuAPI.testcases.GETExistUser" name="checkResponseBody" time="0.002"/>
  <system-out/>
  <testcase classname="com.qa.waifuAPI.testcases.GETExistUser" name="checkResponseTime" time="0.007"/>
  <system-out/>
  <testcase classname="com.qa.waifuAPI.testcases.GETExistUser" name="statusLine" time="0.003"/>
  <system-out/>
  <testcase classname="com.qa.waifuAPI.testcases.GETExistUser" name="contentType" time="0.002"/>
  <system-out/>
  <testcase classname="com.qa.waifuAPI.testcases.GETExistUser" name="checkserverType" time="0.002"/>
  <system-out/>
</testsuite> <!-- com.qa.waifuAPI.testcases.GETExistUser -->
