<?xml version="1.0" encoding="UTF-8"?>
<!-- Generated by org.testng.reporters.JUnitReportReporter -->
<testsuite hostname="NASIB" failures="0" tests="6" name="com.qa.waifuAPI.testcases.PUTCreateUser" time="0.010" errors="0" timestamp="2023-02-01T12:16:10 EST" skipped="0">
  <testcase classname="com.qa.waifuAPI.testcases.PUTCreateUser" name="statusCode" time="0.002"/>
  <system-out/>
  <testcase classname="com.qa.waifuAPI.testcases.PUTCreateUser" name="checkResponseBody" time="0.001"/>
  <system-out/>
  <testcase classname="com.qa.waifuAPI.testcases.PUTCreateUser" name="checkResponseTime" time="0.002"/>
  <system-out/>
  <testcase classname="com.qa.waifuAPI.testcases.PUTCreateUser" name="statusLine" time="0.003"/>
  <system-out/>
  <testcase classname="com.qa.waifuAPI.testcases.PUTCreateUser" name="contentType" time="0.001"/>
  <system-out/>
  <testcase classname="com.qa.waifuAPI.testcases.PUTCreateUser" name="checkserverType" time="0.001"/>
  <system-out/>
</testsuite> <!-- com.qa.waifuAPI.testcases.PUTCreateUser -->
